%!Adobe-FontList 1.22
%Locale:0x412

%BeginFont
Handler:DirectoryHandler
FontType:Invalid
OutlineFileName:C:\Users\tjoeunis205\Desktop\에버랜드2\Font\LINESeedKR-Bd.woff2
FileModTime:1711652472
%EndFont

%BeginFont
Handler:DirectoryHandler
FontType:Invalid
OutlineFileName:C:\Users\tjoeunis205\Desktop\에버랜드2\Font\LINESeedKR-Rg.woff2
FileModTime:1711652472
%EndFont

%BeginFont
Handler:DirectoryHandler
FontType:Invalid
OutlineFileName:C:\Users\tjoeunis205\Desktop\에버랜드2\Font\LINESeedKR-Th.woff2
FileModTime:1711652472
%EndFont

%BeginFont
Handler:DirectoryHandler
FontType:Invalid
OutlineFileName:C:\Users\tjoeunis205\Desktop\에버랜드2\Font\slick.eot
FileModTime:1711652472
%EndFont

%BeginFont
Handler:DirectoryHandler
FontType:Invalid
OutlineFileName:C:\Users\tjoeunis205\Desktop\에버랜드2\Font\slick.svg
FileModTime:1711652472
%EndFont

%BeginFont
Handler:DirectoryHandler
FontType:TrueType
FontName:slick
FamilyName:slick
StyleName:Regular
FullName:slick
MenuName:slick
StyleBits:0
WritingScript:Roman
OutlineFileName:C:\Users\tjoeunis205\Desktop\에버랜드2\Font\slick.ttf
DataFormat:sfntData
hasSVG:no
VariableFontType:NonVariableFont
FileLength:1892
FileModTime:1711652472
WeightClass:400
WidthClass:5
AngleClass:0
NameArray:0,Mac,4,slick
NameArray:0,Win,1,slick
%EndFont

%BeginFont
Handler:DirectoryHandler
FontType:Invalid
OutlineFileName:C:\Users\tjoeunis205\Desktop\에버랜드2\Font\slick.woff
FileModTime:1711652472
%EndFont

